PROSPECTOR — pulling EPA FRS for 50 state(s). Wide net (NAICS 21/31/32/33).

  AL: HTTP 404 (skipped)
  AK: HTTP 404 (skipped)
  AZ: HTTP 404 (skipped)
  AR: HTTP 404 (skipped)
  CA: HTTP 404 (skipped)
  CO: HTTP 404 (skipped)
  CT: HTTP 404 (skipped)
  DE: HTTP 404 (skipped)
  FL: HTTP 404 (skipped)
  GA: HTTP 404 (skipped)
  HI: HTTP 404 (skipped)
  ID: HTTP 404 (skipped)
  IL: HTTP 404 (skipped)
  IN: HTTP 404 (skipped)
  IA: HTTP 404 (skipped)
  KS: HTTP 404 (skipped)
  KY: HTTP 404 (skipped)
  LA: HTTP 404 (skipped)
  ME: HTTP 404 (skipped)
  MD: HTTP 404 (skipped)
  MA: HTTP 404 (skipped)
  MI: HTTP 404 (skipped)
  MN: HTTP 404 (skipped)
  MS: HTTP 404 (skipped)
  MO: HTTP 404 (skipped)
  MT: HTTP 404 (skipped)
  NE: HTTP 404 (skipped)
  NV: HTTP 404 (skipped)
  NH: HTTP 404 (skipped)
  NJ: HTTP 404 (skipped)
  NM: HTTP 404 (skipped)
  NY: HTTP 404 (skipped)
  NC: HTTP 404 (skipped)
  ND: HTTP 404 (skipped)
  OH: HTTP 404 (skipped)
  OK: HTTP 404 (skipped)
  OR: HTTP 404 (skipped)
  PA: HTTP 404 (skipped)
  RI: HTTP 404 (skipped)
  SC: HTTP 404 (skipped)
  SD: HTTP 404 (skipped)
  TN: HTTP 404 (skipped)
  TX: HTTP 404 (skipped)
  UT: HTTP 404 (skipped)
  VT: HTTP 404 (skipped)
  VA: HTTP 404 (skipped)
  WA: HTTP 404 (skipped)
  WV: HTTP 404 (skipped)
  WI: HTTP 404 (skipped)
  WY: HTTP 404 (skipped)

PROSPECTOR complete.
  Total facilities (wide net): 0
  Per-state files + combined: inbox/epa_roster_ALL.csv
  FAILED (re-run with --states AL,AK,AZ,AR,CA,CO,CT,DE,FL,GA,HI,ID,IL,IN,IA,KS,KY,LA,ME,MD,MA,MI,MN,MS,MO,MT,NE,NV,NH,NJ,NM,NY,NC,ND,OH,OK,OR,PA,RI,SC,SD,TN,TX,UT,VT,VA,WA,WV,WI,WY): AL, AK, AZ, AR, CA, CO, CT, DE, FL, GA, HI, ID, IL, IN, IA, KS, KY, LA, ME, MD, MA, MI, MN, MS, MO, MT, NE, NV, NH, NJ, NM, NY, NC, ND, OH, OK, OR, PA, RI, SC, SD, TN, TX, UT, VT, VA, WA, WV, WI, WY
  Bin breakdown: {}

Next: python skills/shipper-grading/scripts/grade_shippers.py --in inbox/epa_roster_ALL.csv --outdir outbox
